<?xml version="1.0" encoding="UTF-8"?>
<!-- Generated by org.testng.reporters.JUnitReportReporter -->
<testsuite skipped="0" hostname="DESKTOP-M392EQO" name="com.catalina.tetcases.TC_AddFSV" tests="6" failures="0" timestamp="2020-09-14T20:17:13 IST" time="58.711" errors="0">
  <testcase name="login" time="8.322" classname="com.catalina.tetcases.TC_AddFSV"/>
  <system-out/>
  <testcase name="NavigateToAddFsv" time="5.234" classname="com.catalina.tetcases.TC_AddFSV"/>
  <system-out/>
  <testcase name="addfsv" time="11.566" classname="com.catalina.tetcases.TC_AddFSV"/>
  <system-out/>
  <testcase name="addfsv" time="10.262" classname="com.catalina.tetcases.TC_AddFSV"/>
  <system-out/>
  <testcase name="addfsv" time="11.635" classname="com.catalina.tetcases.TC_AddFSV"/>
  <system-out/>
  <testcase name="addfsv" time="11.692" classname="com.catalina.tetcases.TC_AddFSV"/>
  <system-out/>
</testsuite> <!-- com.catalina.tetcases.TC_AddFSV -->
