<?xml version="1.0" encoding="UTF-8"?>
<!-- Generated by org.testng.reporters.JUnitReportReporter -->
<testsuite skipped="0" hostname="DESKTOP-M392EQO" name="com.catalina.tetcases.TC_AddStore" tests="7" failures="0" timestamp="2020-09-14T20:53:04 IST" time="70.131" errors="0">
  <testcase name="login" time="8.313" classname="com.catalina.tetcases.TC_AddStore"/>
  <system-out/>
  <testcase name="NavigateToAddStore" time="3.224" classname="com.catalina.tetcases.TC_AddStore"/>
  <system-out/>
  <testcase name="addstore" time="11.979" classname="com.catalina.tetcases.TC_AddStore"/>
  <system-out/>
  <testcase name="addstore" time="10.514" classname="com.catalina.tetcases.TC_AddStore"/>
  <system-out/>
  <testcase name="addstore" time="12.193" classname="com.catalina.tetcases.TC_AddStore"/>
  <system-out/>
  <testcase name="addstore" time="11.970" classname="com.catalina.tetcases.TC_AddStore"/>
  <system-out/>
  <testcase name="addstore" time="11.938" classname="com.catalina.tetcases.TC_AddStore"/>
  <system-out/>
</testsuite> <!-- com.catalina.tetcases.TC_AddStore -->
