<?xml version="1.0" encoding="UTF-8"?>
<!-- Generated by org.testng.reporters.JUnitReportReporter -->
<testsuite skipped="0" hostname="DESKTOP-M392EQO" name="com.catalina.tetcases.TC_LoginDDT_002" tests="4" failures="0" timestamp="2020-09-14T11:03:51 IST" time="13.165" errors="0">
  <testcase name="loginDDT" time="3.348" classname="com.catalina.tetcases.TC_LoginDDT_002"/>
  <system-out/>
  <testcase name="loginDDT" time="3.243" classname="com.catalina.tetcases.TC_LoginDDT_002"/>
  <system-out/>
  <testcase name="loginDDT" time="3.336" classname="com.catalina.tetcases.TC_LoginDDT_002"/>
  <system-out/>
  <testcase name="loginDDT" time="3.238" classname="com.catalina.tetcases.TC_LoginDDT_002"/>
  <system-out/>
</testsuite> <!-- com.catalina.tetcases.TC_LoginDDT_002 -->
