<?xml version="1.0" encoding="UTF-8"?>
<!-- Generated by org.testng.reporters.JUnitReportReporter -->
<testsuite skipped="0" hostname="DESKTOP-M392EQO" name="com.catalina.tetcases.TC_AddUser" tests="10" failures="0" timestamp="2020-09-14T13:32:32 IST" time="177.258" errors="0">
  <testcase name="login" time="8.311" classname="com.catalina.tetcases.TC_AddUser"/>
  <system-out/>
  <testcase name="navigateToAddUser" time="3.166" classname="com.catalina.tetcases.TC_AddUser"/>
  <system-out/>
  <testcase name="addUser" time="20.720" classname="com.catalina.tetcases.TC_AddUser"/>
  <system-out/>
  <testcase name="addUser" time="20.591" classname="com.catalina.tetcases.TC_AddUser"/>
  <system-out/>
  <testcase name="addUser" time="20.968" classname="com.catalina.tetcases.TC_AddUser"/>
  <system-out/>
  <testcase name="addUser" time="20.916" classname="com.catalina.tetcases.TC_AddUser"/>
  <system-out/>
  <testcase name="addUser" time="20.554" classname="com.catalina.tetcases.TC_AddUser"/>
  <system-out/>
  <testcase name="addUser" time="20.550" classname="com.catalina.tetcases.TC_AddUser"/>
  <system-out/>
  <testcase name="addUser" time="20.593" classname="com.catalina.tetcases.TC_AddUser"/>
  <system-out/>
  <testcase name="addUser" time="20.889" classname="com.catalina.tetcases.TC_AddUser"/>
  <system-out/>
</testsuite> <!-- com.catalina.tetcases.TC_AddUser -->
