<?xml version="1.0" encoding="UTF-8"?>
<!-- Generated by org.testng.reporters.JUnitReportReporter -->
<testsuite skipped="0" hostname="DESKTOP-M392EQO" name="com.catalina.tetcases.TC_LoginTest_001" tests="1" failures="0" timestamp="2020-09-14T11:03:51 IST" time="3.375" errors="0">
  <testcase name="logintest" time="3.375" classname="com.catalina.tetcases.TC_LoginTest_001"/>
  <system-out/>
</testsuite> <!-- com.catalina.tetcases.TC_LoginTest_001 -->
