<?xml version="1.0" encoding="UTF-8"?>
<!-- Generated by org.testng.reporters.JUnitReportReporter -->
<testsuite skipped="0" hostname="DESKTOP-M392EQO" name="com.catalina.tetcases.TC_CreateSurvey" tests="4" failures="0" timestamp="2020-09-14T16:56:24 IST" time="41.313" errors="0">
  <testcase name="login" time="15.303" classname="com.catalina.tetcases.TC_CreateSurvey"/>
  <system-out/>
  <testcase name="navigateToSearchUser" time="15.210" classname="com.catalina.tetcases.TC_CreateSurvey"/>
  <system-out/>
  <testcase name="createsurvey" time="5.490" classname="com.catalina.tetcases.TC_CreateSurvey"/>
  <system-out/>
  <testcase name="createsurvey" time="5.310" classname="com.catalina.tetcases.TC_CreateSurvey"/>
  <system-out/>
</testsuite> <!-- com.catalina.tetcases.TC_CreateSurvey -->
